0 info it worked if it ends with ok
1 verbose cli [ '/Users/elzbietaszulc/.nvm/versions/node/v8.9.1/bin/node',
1 verbose cli   '/Users/elzbietaszulc/.nvm/versions/node/v8.9.1/bin/npm',
1 verbose cli   'test',
1 verbose cli   '--no-cache' ]
2 info using npm@6.9.0
3 info using node@v8.9.1
4 verbose stack Error: Failed to parse json
4 verbose stack Unexpected token . in JSON at position 138 while parsing near '...odules/(?!functions\.js)",
4 verbose stack   },
4 verbose stack   "versi...'
4 verbose stack     at parseError (/Users/elzbietaszulc/.nvm/versions/node/v8.9.1/lib/node_modules/npm/node_modules/read-package-json/read-json.js:452:11)
4 verbose stack     at parseJson (/Users/elzbietaszulc/.nvm/versions/node/v8.9.1/lib/node_modules/npm/node_modules/read-package-json/read-json.js:104:26)
4 verbose stack     at /Users/elzbietaszulc/.nvm/versions/node/v8.9.1/lib/node_modules/npm/node_modules/read-package-json/read-json.js:51:5
4 verbose stack     at /Users/elzbietaszulc/.nvm/versions/node/v8.9.1/lib/node_modules/npm/node_modules/graceful-fs/graceful-fs.js:90:16
4 verbose stack     at FSReqWrap.readFileAfterClose [as oncomplete] (fs.js:511:3)
5 verbose cwd /Users/elzbietaszulc/proj_piv/weatherapp/weatherapp
6 verbose Darwin 18.2.0
7 verbose argv "/Users/elzbietaszulc/.nvm/versions/node/v8.9.1/bin/node" "/Users/elzbietaszulc/.nvm/versions/node/v8.9.1/bin/npm" "test" "--no-cache"
8 verbose node v8.9.1
9 verbose npm  v6.9.0
10 error file /Users/elzbietaszulc/proj_piv/weatherapp/weatherapp/package.json
11 error code EJSONPARSE
12 error JSON.parse Failed to parse json
12 error JSON.parse Unexpected token . in JSON at position 138 while parsing near '...odules/(?!functions\.js)",
12 error JSON.parse   },
12 error JSON.parse   "versi...'
13 error JSON.parse Failed to parse package.json data.
13 error JSON.parse package.json must be actual JSON, not just JavaScript.
14 verbose exit [ 1, true ]
